# JRE version: OpenJDK Runtime Environment (8.0_202-b03) (build 1.8.0_202-release-1483-b03)
# Java VM: OpenJDK 64-Bit Server VM (25.202-b03 mixed mode windows-amd64 compressed oops)
Heap:
 PSYoungGen      total 206848K, used 320K [0x00000000e0000000, 0x00000000ef680000, 0x0000000100000000)
  eden space 197120K, 0% used [0x00000000e0000000,0x00000000e0000000,0x00000000ec080000)
  from space 9728K, 3% used [0x00000000eed00000,0x00000000eed50000,0x00000000ef680000)
  to   space 20480K, 0% used [0x00000000ed900000,0x00000000ed900000,0x00000000eed00000)
 ParOldGen       total 202752K, used 37153K [0x00000000a0000000, 0x00000000ac600000, 0x00000000e0000000)
  object space 202752K, 18% used [0x00000000a0000000,0x00000000a2448750,0x00000000ac600000)
 Metaspace       used 71046K, capacity 72944K, committed 74584K, reserved 1118208K
  class space    used 9362K, capacity 9784K, committed 10112K, reserved 1048576K
GC Heap History (10 events):
Event: 250.615 GC heap after
Heap after GC invocations=12 (full 3):
 PSYoungGen      total 224768K, used 15431K [0x00000000e0000000, 0x00000000f0c80000, 0x0000000100000000)
  eden space 202240K, 0% used [0x00000000e0000000,0x00000000e0000000,0x00000000ec580000)
  from space 22528K, 68% used [0x00000000ec580000,0x00000000ed491c10,0x00000000edb80000)
  to   space 23040K, 0% used [0x00000000ef600000,0x00000000ef600000,0x00000000f0c80000)
 ParOldGen       total 202752K, used 36175K [0x00000000a0000000, 0x00000000ac600000, 0x00000000e0000000)
  object space 202752K, 17% used [0x00000000a0000000,0x00000000a2353cb8,0x00000000ac600000)
 Metaspace       used 65290K, capacity 67608K, committed 67672K, reserved 1107968K
  class space    used 8590K, capacity 9061K, committed 9088K, reserved 1048576K
}
Event: 5355.710 GC heap before
{Heap before GC invocations=13 (full 3):
 PSYoungGen      total 224768K, used 217671K [0x00000000e0000000, 0x00000000f0c80000, 0x0000000100000000)
  eden space 202240K, 100% used [0x00000000e0000000,0x00000000ec580000,0x00000000ec580000)
  from space 22528K, 68% used [0x00000000ec580000,0x00000000ed491c10,0x00000000edb80000)
  to   space 23040K, 0% used [0x00000000ef600000,0x00000000ef600000,0x00000000f0c80000)
 ParOldGen       total 202752K, used 36175K [0x00000000a0000000, 0x00000000ac600000, 0x00000000e0000000)
  object space 202752K, 17% used [0x00000000a0000000,0x00000000a2353cb8,0x00000000ac600000)
 Metaspace       used 69812K, capacity 72430K, committed 72536K, reserved 1112064K
  class space    used 9261K, capacity 9782K, committed 9856K, reserved 1048576K
Event: 5355.866 GC heap after
Heap after GC invocations=13 (full 3):
 PSYoungGen      total 214528K, used 17294K [0x00000000e0000000, 0x00000000f0700000, 0x0000000100000000)
  eden space 197120K, 0% used [0x00000000e0000000,0x00000000e0000000,0x00000000ec080000)
  from space 17408K, 99% used [0x00000000ef600000,0x00000000f06e38f0,0x00000000f0700000)
  to   space 23552K, 0% used [0x00000000ed900000,0x00000000ed900000,0x00000000ef000000)
 ParOldGen       total 202752K, used 36183K [0x00000000a0000000, 0x00000000ac600000, 0x00000000e0000000)
  object space 202752K, 17% used [0x00000000a0000000,0x00000000a2355cb8,0x00000000ac600000)
 Metaspace       used 69812K, capacity 72430K, committed 72536K, reserved 1112064K
  class space    used 9261K, capacity 9782K, committed 9856K, reserved 1048576K
}
Event: 8477.243 GC heap before
{Heap before GC invocations=14 (full 3):
 PSYoungGen      total 214528K, used 144910K [0x00000000e0000000, 0x00000000f0700000, 0x0000000100000000)
  eden space 197120K, 64% used [0x00000000e0000000,0x00000000e7ca0028,0x00000000ec080000)
  from space 17408K, 99% used [0x00000000ef600000,0x00000000f06e38f0,0x00000000f0700000)
  to   space 23552K, 0% used [0x00000000ed900000,0x00000000ed900000,0x00000000ef000000)
 ParOldGen       total 202752K, used 36183K [0x00000000a0000000, 0x00000000ac600000, 0x00000000e0000000)
  object space 202752K, 17% used [0x00000000a0000000,0x00000000a2355cb8,0x00000000ac600000)
 Metaspace       used 71706K, capacity 74406K, committed 74584K, reserved 1114112K
  class space    used 9502K, capacity 10069K, committed 10112K, reserved 1048576K
Event: 8477.296 GC heap after
Heap after GC invocations=14 (full 3):
 PSYoungGen      total 217600K, used 20436K [0x00000000e0000000, 0x00000000ef680000, 0x0000000100000000)
  eden space 197120K, 0% used [0x00000000e0000000,0x00000000e0000000,0x00000000ec080000)
  from space 20480K, 99% used [0x00000000ed900000,0x00000000eecf5048,0x00000000eed00000)
  to   space 9728K, 0% used [0x00000000eed00000,0x00000000eed00000,0x00000000ef680000)
 ParOldGen       total 202752K, used 36191K [0x00000000a0000000, 0x00000000ac600000, 0x00000000e0000000)
  object space 202752K, 17% used [0x00000000a0000000,0x00000000a2357cb8,0x00000000ac600000)
 Metaspace       used 71706K, capacity 74406K, committed 74584K, reserved 1114112K
  class space    used 9502K, capacity 10069K, committed 10112K, reserved 1048576K
}
Event: 8477.296 GC heap before
{Heap before GC invocations=15 (full 4):
 PSYoungGen      total 217600K, used 20436K [0x00000000e0000000, 0x00000000ef680000, 0x0000000100000000)
  eden space 197120K, 0% used [0x00000000e0000000,0x00000000e0000000,0x00000000ec080000)
  from space 20480K, 99% used [0x00000000ed900000,0x00000000eecf5048,0x00000000eed00000)
  to   space 9728K, 0% used [0x00000000eed00000,0x00000000eed00000,0x00000000ef680000)
 ParOldGen       total 202752K, used 36191K [0x00000000a0000000, 0x00000000ac600000, 0x00000000e0000000)
  object space 202752K, 17% used [0x00000000a0000000,0x00000000a2357cb8,0x00000000ac600000)
 Metaspace       used 71706K, capacity 74406K, committed 74584K, reserved 1114112K
  class space    used 9502K, capacity 10069K, committed 10112K, reserved 1048576K
Event: 8479.407 GC heap after
Heap after GC invocations=15 (full 4):
 PSYoungGen      total 217600K, used 0K [0x00000000e0000000, 0x00000000ef680000, 0x0000000100000000)
  eden space 197120K, 0% used [0x00000000e0000000,0x00000000e0000000,0x00000000ec080000)
  from space 20480K, 0% used [0x00000000ed900000,0x00000000ed900000,0x00000000eed00000)
  to   space 9728K, 0% used [0x00000000eed00000,0x00000000eed00000,0x00000000ef680000)
 ParOldGen       total 202752K, used 37153K [0x00000000a0000000, 0x00000000ac600000, 0x00000000e0000000)
  object space 202752K, 18% used [0x00000000a0000000,0x00000000a2448750,0x00000000ac600000)
 Metaspace       used 70947K, capacity 72874K, committed 74584K, reserved 1114112K
  class space    used 9344K, capacity 9781K, committed 10112K, reserved 1048576K
}
Event: 8486.196 GC heap before
{Heap before GC invocations=16 (full 4):
 PSYoungGen      total 217600K, used 3657K [0x00000000e0000000, 0x00000000ef680000, 0x0000000100000000)
  eden space 197120K, 1% used [0x00000000e0000000,0x00000000e0392440,0x00000000ec080000)
  from space 20480K, 0% used [0x00000000ed900000,0x00000000ed900000,0x00000000eed00000)
  to   space 9728K, 0% used [0x00000000eed00000,0x00000000eed00000,0x00000000ef680000)
 ParOldGen       total 202752K, used 37153K [0x00000000a0000000, 0x00000000ac600000, 0x00000000e0000000)
  object space 202752K, 18% used [0x00000000a0000000,0x00000000a2448750,0x00000000ac600000)
 Metaspace       used 71046K, capacity 72944K, committed 74584K, reserved 1118208K
  class space    used 9362K, capacity 9784K, committed 10112K, reserved 1048576K
Event: 8486.207 GC heap after
Heap after GC invocations=16 (full 4):
 PSYoungGen      total 206848K, used 320K [0x00000000e0000000, 0x00000000ef680000, 0x0000000100000000)
  eden space 197120K, 0% used [0x00000000e0000000,0x00000000e0000000,0x00000000ec080000)
  from space 9728K, 3% used [0x00000000eed00000,0x00000000eed50000,0x00000000ef680000)
  to   space 20480K, 0% used [0x00000000ed900000,0x00000000ed900000,0x00000000eed00000)
 ParOldGen       total 202752K, used 37153K [0x00000000a0000000, 0x00000000ac600000, 0x00000000e0000000)
  object space 202752K, 18% used [0x00000000a0000000,0x00000000a2448750,0x00000000ac600000)
 Metaspace       used 71046K, capacity 72944K, committed 74584K, reserved 1118208K
  class space    used 9362K, capacity 9784K, committed 10112K, reserved 1048576K
}
Event: 8486.207 GC heap before
{Heap before GC invocations=17 (full 5):
 PSYoungGen      total 206848K, used 320K [0x00000000e0000000, 0x00000000ef680000, 0x0000000100000000)
  eden space 197120K, 0% used [0x00000000e0000000,0x00000000e0000000,0x00000000ec080000)
  from space 9728K, 3% used [0x00000000eed00000,0x00000000eed50000,0x00000000ef680000)
  to   space 20480K, 0% used [0x00000000ed900000,0x00000000ed900000,0x00000000eed00000)
 ParOldGen       total 202752K, used 37153K [0x00000000a0000000, 0x00000000ac600000, 0x00000000e0000000)
  object space 202752K, 18% used [0x00000000a0000000,0x00000000a2448750,0x00000000ac600000)
 Metaspace       used 71046K, capacity 72944K, committed 74584K, reserved 1118208K
  class space    used 9362K, capacity 9784K, committed 10112K, reserved 1048576K

