# JRE version: OpenJDK Runtime Environment (8.0_202-b03) (build 1.8.0_202-release-1483-b03)
# Java VM: OpenJDK 64-Bit Server VM (25.202-b03 mixed mode windows-amd64 compressed oops)
Heap:
 PSYoungGen      total 415744K, used 220496K [0x00000000e0000000, 0x0000000100000000, 0x0000000100000000)
  eden space 361984K, 60% used [0x00000000e0000000,0x00000000ed7541d0,0x00000000f6180000)
  from space 53760K, 0% used [0x00000000f6180000,0x00000000f6180000,0x00000000f9600000)
  to   space 51712K, 0% used [0x00000000fcd80000,0x00000000fcd80000,0x0000000100000000)
 ParOldGen       total 319488K, used 76226K [0x00000000a0000000, 0x00000000b3800000, 0x00000000e0000000)
  object space 319488K, 23% used [0x00000000a0000000,0x00000000a4a70ba8,0x00000000b3800000)
 Metaspace       used 95955K, capacity 101057K, committed 101208K, reserved 1136640K
  class space    used 12743K, capacity 13670K, committed 13696K, reserved 1048576K
GC Heap History (10 events):
Event: 54.069 GC heap before
{Heap before GC invocations=15 (full 3):
 PSYoungGen      total 266752K, used 266746K [0x00000000e0000000, 0x00000000f6880000, 0x0000000100000000)
  eden space 242688K, 100% used [0x00000000e0000000,0x00000000eed00000,0x00000000eed00000)
  from space 24064K, 99% used [0x00000000eed00000,0x00000000f047eb60,0x00000000f0480000)
  to   space 31232K, 0% used [0x00000000f4a00000,0x00000000f4a00000,0x00000000f6880000)
 ParOldGen       total 194048K, used 41484K [0x00000000a0000000, 0x00000000abd80000, 0x00000000e0000000)
  object space 194048K, 21% used [0x00000000a0000000,0x00000000a28833f0,0x00000000abd80000)
 Metaspace       used 76521K, capacity 79781K, committed 79960K, reserved 1118208K
  class space    used 10195K, capacity 10853K, committed 10880K, reserved 1048576K
Event: 54.252 GC heap after
Heap after GC invocations=15 (full 3):
 PSYoungGen      total 335872K, used 24801K [0x00000000e0000000, 0x00000000f6c00000, 0x0000000100000000)
  eden space 304640K, 0% used [0x00000000e0000000,0x00000000e0000000,0x00000000f2980000)
  from space 31232K, 79% used [0x00000000f4a00000,0x00000000f6238550,0x00000000f6880000)
  to   space 33280K, 0% used [0x00000000f2980000,0x00000000f2980000,0x00000000f4a00000)
 ParOldGen       total 194048K, used 54829K [0x00000000a0000000, 0x00000000abd80000, 0x00000000e0000000)
  object space 194048K, 28% used [0x00000000a0000000,0x00000000a358b530,0x00000000abd80000)
 Metaspace       used 76521K, capacity 79781K, committed 79960K, reserved 1118208K
  class space    used 10195K, capacity 10853K, committed 10880K, reserved 1048576K
}
Event: 59.736 GC heap before
{Heap before GC invocations=16 (full 3):
 PSYoungGen      total 335872K, used 329441K [0x00000000e0000000, 0x00000000f6c00000, 0x0000000100000000)
  eden space 304640K, 100% used [0x00000000e0000000,0x00000000f2980000,0x00000000f2980000)
  from space 31232K, 79% used [0x00000000f4a00000,0x00000000f6238550,0x00000000f6880000)
  to   space 33280K, 0% used [0x00000000f2980000,0x00000000f2980000,0x00000000f4a00000)
 ParOldGen       total 194048K, used 54829K [0x00000000a0000000, 0x00000000abd80000, 0x00000000e0000000)
  object space 194048K, 28% used [0x00000000a0000000,0x00000000a358b530,0x00000000abd80000)
 Metaspace       used 86351K, capacity 90649K, committed 90840K, reserved 1128448K
  class space    used 11710K, capacity 12529K, committed 12544K, reserved 1048576K
Event: 59.837 GC heap after
Heap after GC invocations=16 (full 3):
 PSYoungGen      total 337920K, used 29928K [0x00000000e0000000, 0x00000000fb980000, 0x0000000100000000)
  eden space 304640K, 0% used [0x00000000e0000000,0x00000000e0000000,0x00000000f2980000)
  from space 33280K, 89% used [0x00000000f2980000,0x00000000f46ba060,0x00000000f4a00000)
  to   space 36352K, 0% used [0x00000000f9600000,0x00000000f9600000,0x00000000fb980000)
 ParOldGen       total 194048K, used 54837K [0x00000000a0000000, 0x00000000abd80000, 0x00000000e0000000)
  object space 194048K, 28% used [0x00000000a0000000,0x00000000a358d530,0x00000000abd80000)
 Metaspace       used 86351K, capacity 90649K, committed 90840K, reserved 1128448K
  class space    used 11710K, capacity 12529K, committed 12544K, reserved 1048576K
}
Event: 204.876 GC heap before
{Heap before GC invocations=17 (full 3):
 PSYoungGen      total 337920K, used 334568K [0x00000000e0000000, 0x00000000fb980000, 0x0000000100000000)
  eden space 304640K, 100% used [0x00000000e0000000,0x00000000f2980000,0x00000000f2980000)
  from space 33280K, 89% used [0x00000000f2980000,0x00000000f46ba060,0x00000000f4a00000)
  to   space 36352K, 0% used [0x00000000f9600000,0x00000000f9600000,0x00000000fb980000)
 ParOldGen       total 194048K, used 54837K [0x00000000a0000000, 0x00000000abd80000, 0x00000000e0000000)
  object space 194048K, 28% used [0x00000000a0000000,0x00000000a358d530,0x00000000abd80000)
 Metaspace       used 87143K, capacity 91535K, committed 91736K, reserved 1128448K
  class space    used 11762K, capacity 12580K, committed 12672K, reserved 1048576K
Event: 204.946 GC heap after
Heap after GC invocations=17 (full 3):
 PSYoungGen      total 398336K, used 36346K [0x00000000e0000000, 0x00000000fd000000, 0x0000000100000000)
  eden space 361984K, 0% used [0x00000000e0000000,0x00000000e0000000,0x00000000f6180000)
  from space 36352K, 99% used [0x00000000f9600000,0x00000000fb97e9b8,0x00000000fb980000)
  to   space 53760K, 0% used [0x00000000f6180000,0x00000000f6180000,0x00000000f9600000)
 ParOldGen       total 194048K, used 87651K [0x00000000a0000000, 0x00000000abd80000, 0x00000000e0000000)
  object space 194048K, 45% used [0x00000000a0000000,0x00000000a5598d28,0x00000000abd80000)
 Metaspace       used 87143K, capacity 91535K, committed 91736K, reserved 1128448K
  class space    used 11762K, capacity 12580K, committed 12672K, reserved 1048576K
}
Event: 542.770 GC heap before
{Heap before GC invocations=18 (full 3):
 PSYoungGen      total 398336K, used 231269K [0x00000000e0000000, 0x00000000fd000000, 0x0000000100000000)
  eden space 361984K, 53% used [0x00000000e0000000,0x00000000ebe5ad38,0x00000000f6180000)
  from space 36352K, 99% used [0x00000000f9600000,0x00000000fb97e9b8,0x00000000fb980000)
  to   space 53760K, 0% used [0x00000000f6180000,0x00000000f6180000,0x00000000f9600000)
 ParOldGen       total 194048K, used 87651K [0x00000000a0000000, 0x00000000abd80000, 0x00000000e0000000)
  object space 194048K, 45% used [0x00000000a0000000,0x00000000a5598d28,0x00000000abd80000)
 Metaspace       used 93686K, capacity 98457K, committed 98496K, reserved 1134592K
  class space    used 12523K, capacity 13438K, committed 13440K, reserved 1048576K
Event: 542.869 GC heap after
Heap after GC invocations=18 (full 3):
 PSYoungGen      total 415744K, used 25469K [0x00000000e0000000, 0x0000000100000000, 0x0000000100000000)
  eden space 361984K, 0% used [0x00000000e0000000,0x00000000e0000000,0x00000000f6180000)
  from space 53760K, 47% used [0x00000000f6180000,0x00000000f7a5f650,0x00000000f9600000)
  to   space 51712K, 0% used [0x00000000fcd80000,0x00000000fcd80000,0x0000000100000000)
 ParOldGen       total 194048K, used 101943K [0x00000000a0000000, 0x00000000abd80000, 0x00000000e0000000)
  object space 194048K, 52% used [0x00000000a0000000,0x00000000a638dc18,0x00000000abd80000)
 Metaspace       used 93686K, capacity 98457K, committed 98496K, reserved 1134592K
  class space    used 12523K, capacity 13438K, committed 13440K, reserved 1048576K
}
Event: 542.869 GC heap before
{Heap before GC invocations=19 (full 4):
 PSYoungGen      total 415744K, used 25469K [0x00000000e0000000, 0x0000000100000000, 0x0000000100000000)
  eden space 361984K, 0% used [0x00000000e0000000,0x00000000e0000000,0x00000000f6180000)
  from space 53760K, 47% used [0x00000000f6180000,0x00000000f7a5f650,0x00000000f9600000)
  to   space 51712K, 0% used [0x00000000fcd80000,0x00000000fcd80000,0x0000000100000000)
 ParOldGen       total 194048K, used 101943K [0x00000000a0000000, 0x00000000abd80000, 0x00000000e0000000)
  object space 194048K, 52% used [0x00000000a0000000,0x00000000a638dc18,0x00000000abd80000)
 Metaspace       used 93686K, capacity 98457K, committed 98496K, reserved 1134592K
  class space    used 12523K, capacity 13438K, committed 13440K, reserved 1048576K
Event: 543.070 GC heap after
Heap after GC invocations=19 (full 4):
 PSYoungGen      total 415744K, used 0K [0x00000000e0000000, 0x0000000100000000, 0x0000000100000000)
  eden space 361984K, 0% used [0x00000000e0000000,0x00000000e0000000,0x00000000f6180000)
  from space 53760K, 0% used [0x00000000f6180000,0x00000000f6180000,0x00000000f9600000)
  to   space 51712K, 0% used [0x00000000fcd80000,0x00000000fcd80000,0x0000000100000000)
 ParOldGen       total 319488K, used 76226K [0x00000000a0000000, 0x00000000b3800000, 0x00000000e0000000)
  object space 319488K, 23% used [0x00000000a0000000,0x00000000a4a70ba8,0x00000000b3800000)
 Metaspace       used 93613K, capacity 98229K, committed 98496K, reserved 1134592K
  class space    used 12501K, capacity 13402K, committed 13440K, reserved 1048576K
}

