# JRE version: OpenJDK Runtime Environment (8.0_202-b03) (build 1.8.0_202-release-1483-b03)
# Java VM: OpenJDK 64-Bit Server VM (25.202-b03 mixed mode windows-amd64 compressed oops)
Heap:
 PSYoungGen      total 236032K, used 43671K [0x00000000e0000000, 0x00000000efe00000, 0x0000000100000000)
  eden space 219136K, 12% used [0x00000000e0000000,0x00000000e1af82a8,0x00000000ed600000)
  from space 16896K, 95% used [0x00000000eea80000,0x00000000efa2db60,0x00000000efb00000)
  to   space 20480K, 0% used [0x00000000ed600000,0x00000000ed600000,0x00000000eea00000)
 ParOldGen       total 131072K, used 45978K [0x00000000a0000000, 0x00000000a8000000, 0x00000000e0000000)
  object space 131072K, 35% used [0x00000000a0000000,0x00000000a2ce6af8,0x00000000a8000000)
 Metaspace       used 71593K, capacity 74198K, committed 74456K, reserved 1114112K
  class space    used 9450K, capacity 9969K, committed 9984K, reserved 1048576K
GC Heap History (10 events):
Event: 12.790 GC heap before
{Heap before GC invocations=11 (full 2):
 PSYoungGen      total 164352K, used 151040K [0x00000000e0000000, 0x00000000ebf00000, 0x0000000100000000)
  eden space 151040K, 100% used [0x00000000e0000000,0x00000000e9380000,0x00000000e9380000)
  from space 13312K, 0% used [0x00000000ea080000,0x00000000ea080000,0x00000000ead80000)
  to   space 13312K, 0% used [0x00000000e9380000,0x00000000e9380000,0x00000000ea080000)
 ParOldGen       total 92672K, used 15668K [0x00000000a0000000, 0x00000000a5a80000, 0x00000000e0000000)
  object space 92672K, 16% used [0x00000000a0000000,0x00000000a0f4d038,0x00000000a5a80000)
 Metaspace       used 48838K, capacity 50150K, committed 50392K, reserved 1093632K
  class space    used 6563K, capacity 6858K, committed 6912K, reserved 1048576K
Event: 12.823 GC heap after
Heap after GC invocations=11 (full 2):
 PSYoungGen      total 164352K, used 13292K [0x00000000e0000000, 0x00000000efb00000, 0x0000000100000000)
  eden space 151040K, 0% used [0x00000000e0000000,0x00000000e0000000,0x00000000e9380000)
  from space 13312K, 99% used [0x00000000e9380000,0x00000000ea07b298,0x00000000ea080000)
  to   space 16896K, 0% used [0x00000000eea80000,0x00000000eea80000,0x00000000efb00000)
 ParOldGen       total 92672K, used 21594K [0x00000000a0000000, 0x00000000a5a80000, 0x00000000e0000000)
  object space 92672K, 23% used [0x00000000a0000000,0x00000000a1516980,0x00000000a5a80000)
 Metaspace       used 48838K, capacity 50150K, committed 50392K, reserved 1093632K
  class space    used 6563K, capacity 6858K, committed 6912K, reserved 1048576K
}
Event: 14.972 GC heap before
{Heap before GC invocations=12 (full 2):
 PSYoungGen      total 164352K, used 128302K [0x00000000e0000000, 0x00000000efb00000, 0x0000000100000000)
  eden space 151040K, 76% used [0x00000000e0000000,0x00000000e7050920,0x00000000e9380000)
  from space 13312K, 99% used [0x00000000e9380000,0x00000000ea07b298,0x00000000ea080000)
  to   space 16896K, 0% used [0x00000000eea80000,0x00000000eea80000,0x00000000efb00000)
 ParOldGen       total 92672K, used 21594K [0x00000000a0000000, 0x00000000a5a80000, 0x00000000e0000000)
  object space 92672K, 23% used [0x00000000a0000000,0x00000000a1516980,0x00000000a5a80000)
 Metaspace       used 57405K, capacity 58914K, committed 59028K, reserved 1099776K
  class space    used 7750K, capacity 8116K, committed 8192K, reserved 1048576K
Event: 15.000 GC heap after
Heap after GC invocations=12 (full 2):
 PSYoungGen      total 236032K, used 16868K [0x00000000e0000000, 0x00000000efe00000, 0x0000000100000000)
  eden space 219136K, 0% used [0x00000000e0000000,0x00000000e0000000,0x00000000ed600000)
  from space 16896K, 99% used [0x00000000eea80000,0x00000000efaf91b8,0x00000000efb00000)
  to   space 20480K, 0% used [0x00000000ed600000,0x00000000ed600000,0x00000000eea00000)
 ParOldGen       total 92672K, used 25985K [0x00000000a0000000, 0x00000000a5a80000, 0x00000000e0000000)
  object space 92672K, 28% used [0x00000000a0000000,0x00000000a1960410,0x00000000a5a80000)
 Metaspace       used 57405K, capacity 58914K, committed 59028K, reserved 1099776K
  class space    used 7750K, capacity 8116K, committed 8192K, reserved 1048576K
}
Event: 15.000 GC heap before
{Heap before GC invocations=13 (full 3):
 PSYoungGen      total 236032K, used 16868K [0x00000000e0000000, 0x00000000efe00000, 0x0000000100000000)
  eden space 219136K, 0% used [0x00000000e0000000,0x00000000e0000000,0x00000000ed600000)
  from space 16896K, 99% used [0x00000000eea80000,0x00000000efaf91b8,0x00000000efb00000)
  to   space 20480K, 0% used [0x00000000ed600000,0x00000000ed600000,0x00000000eea00000)
 ParOldGen       total 92672K, used 25985K [0x00000000a0000000, 0x00000000a5a80000, 0x00000000e0000000)
  object space 92672K, 28% used [0x00000000a0000000,0x00000000a1960410,0x00000000a5a80000)
 Metaspace       used 57405K, capacity 58914K, committed 59028K, reserved 1099776K
  class space    used 7750K, capacity 8116K, committed 8192K, reserved 1048576K
Event: 15.283 GC heap after
Heap after GC invocations=13 (full 3):
 PSYoungGen      total 236032K, used 0K [0x00000000e0000000, 0x00000000efe00000, 0x0000000100000000)
  eden space 219136K, 0% used [0x00000000e0000000,0x00000000e0000000,0x00000000ed600000)
  from space 16896K, 0% used [0x00000000eea80000,0x00000000eea80000,0x00000000efb00000)
  to   space 20480K, 0% used [0x00000000ed600000,0x00000000ed600000,0x00000000eea00000)
 ParOldGen       total 131072K, used 35831K [0x00000000a0000000, 0x00000000a8000000, 0x00000000e0000000)
  object space 131072K, 27% used [0x00000000a0000000,0x00000000a22fdd48,0x00000000a8000000)
 Metaspace       used 57405K, capacity 58914K, committed 59028K, reserved 1099776K
  class space    used 7750K, capacity 8116K, committed 8192K, reserved 1048576K
}
Event: 101.843 GC heap before
{Heap before GC invocations=14 (full 3):
 PSYoungGen      total 236032K, used 219136K [0x00000000e0000000, 0x00000000efe00000, 0x0000000100000000)
  eden space 219136K, 100% used [0x00000000e0000000,0x00000000ed600000,0x00000000ed600000)
  from space 16896K, 0% used [0x00000000eea80000,0x00000000eea80000,0x00000000efb00000)
  to   space 20480K, 0% used [0x00000000ed600000,0x00000000ed600000,0x00000000eea00000)
 ParOldGen       total 131072K, used 35831K [0x00000000a0000000, 0x00000000a8000000, 0x00000000e0000000)
  object space 131072K, 27% used [0x00000000a0000000,0x00000000a22fdd48,0x00000000a8000000)
 Metaspace       used 65054K, capacity 67194K, committed 67416K, reserved 1107968K
  class space    used 8541K, capacity 9010K, committed 9088K, reserved 1048576K
Event: 101.864 GC heap after
Heap after GC invocations=14 (full 3):
 PSYoungGen      total 239616K, used 17051K [0x00000000e0000000, 0x00000000efe00000, 0x0000000100000000)
  eden space 219136K, 0% used [0x00000000e0000000,0x00000000e0000000,0x00000000ed600000)
  from space 20480K, 83% used [0x00000000ed600000,0x00000000ee6a6f40,0x00000000eea00000)
  to   space 16896K, 0% used [0x00000000eea80000,0x00000000eea80000,0x00000000efb00000)
 ParOldGen       total 131072K, used 35839K [0x00000000a0000000, 0x00000000a8000000, 0x00000000e0000000)
  object space 131072K, 27% used [0x00000000a0000000,0x00000000a22ffd48,0x00000000a8000000)
 Metaspace       used 65054K, capacity 67194K, committed 67416K, reserved 1107968K
  class space    used 8541K, capacity 9010K, committed 9088K, reserved 1048576K
}
Event: 289.200 GC heap before
{Heap before GC invocations=15 (full 3):
 PSYoungGen      total 239616K, used 236187K [0x00000000e0000000, 0x00000000efe00000, 0x0000000100000000)
  eden space 219136K, 100% used [0x00000000e0000000,0x00000000ed600000,0x00000000ed600000)
  from space 20480K, 83% used [0x00000000ed600000,0x00000000ee6a6f40,0x00000000eea00000)
  to   space 16896K, 0% used [0x00000000eea80000,0x00000000eea80000,0x00000000efb00000)
 ParOldGen       total 131072K, used 35839K [0x00000000a0000000, 0x00000000a8000000, 0x00000000e0000000)
  object space 131072K, 27% used [0x00000000a0000000,0x00000000a22ffd48,0x00000000a8000000)
 Metaspace       used 71420K, capacity 74064K, committed 74200K, reserved 1114112K
  class space    used 9425K, capacity 9968K, committed 9984K, reserved 1048576K
Event: 289.223 GC heap after
Heap after GC invocations=15 (full 3):
 PSYoungGen      total 236032K, used 16054K [0x00000000e0000000, 0x00000000efe00000, 0x0000000100000000)
  eden space 219136K, 0% used [0x00000000e0000000,0x00000000e0000000,0x00000000ed600000)
  from space 16896K, 95% used [0x00000000eea80000,0x00000000efa2db60,0x00000000efb00000)
  to   space 20480K, 0% used [0x00000000ed600000,0x00000000ed600000,0x00000000eea00000)
 ParOldGen       total 131072K, used 45978K [0x00000000a0000000, 0x00000000a8000000, 0x00000000e0000000)
  object space 131072K, 35% used [0x00000000a0000000,0x00000000a2ce6af8,0x00000000a8000000)
 Metaspace       used 71420K, capacity 74064K, committed 74200K, reserved 1114112K
  class space    used 9425K, capacity 9968K, committed 9984K, reserved 1048576K
}

